strobo 2.0  —  Hasse-Fig-6 (phi, theta_0) slice
  delta_0 = 0,  alphas = [3.0, 4.5]
  grid = 32 phi x 64 theta_0 = 2048 cells per sheet
  sheets = 2 alpha x 2 trains = 4 total

[T1_alpha3]  N=3  dt=100 ns  |alpha|=3.0
    phi  4/32  (12.5 %)   elapsed   0.5s   ETA   3.8s
    phi  8/32  (25.0 %)   elapsed   1.1s   ETA   3.2s
    phi 12/32  (37.5 %)   elapsed   1.6s   ETA   2.7s
    phi 16/32  (50.0 %)   elapsed   2.1s   ETA   2.1s
    phi 20/32  (62.5 %)   elapsed   2.7s   ETA   1.6s
    phi 24/32  (75.0 %)   elapsed   3.2s   ETA   1.1s
    phi 28/32  (87.5 %)   elapsed   3.8s   ETA   0.5s
    phi 32/32  (100.0 %)   elapsed   4.3s   ETA   0.0s
[T2_alpha3]  N=7  dt=50 ns  |alpha|=3.0
    phi  4/32  (12.5 %)   elapsed   0.5s   ETA   3.8s
    phi  8/32  (25.0 %)   elapsed   1.1s   ETA   3.3s
    phi 12/32  (37.5 %)   elapsed   1.6s   ETA   2.7s
    phi 16/32  (50.0 %)   elapsed   2.2s   ETA   2.2s
    phi 20/32  (62.5 %)   elapsed   2.7s   ETA   1.6s
    phi 24/32  (75.0 %)   elapsed   3.3s   ETA   1.1s
    phi 28/32  (87.5 %)   elapsed   3.8s   ETA   0.5s
    phi 32/32  (100.0 %)   elapsed   4.4s   ETA   0.0s
[T1_alpha4p5]  N=3  dt=100 ns  |alpha|=4.5
    phi  4/32  (12.5 %)   elapsed   0.5s   ETA   3.7s
    phi  8/32  (25.0 %)   elapsed   1.1s   ETA   3.2s
    phi 12/32  (37.5 %)   elapsed   1.6s   ETA   2.7s
    phi 16/32  (50.0 %)   elapsed   2.1s   ETA   2.1s
    phi 20/32  (62.5 %)   elapsed   2.7s   ETA   1.6s
    phi 24/32  (75.0 %)   elapsed   3.2s   ETA   1.1s
    phi 28/32  (87.5 %)   elapsed   3.7s   ETA   0.5s
    phi 32/32  (100.0 %)   elapsed   4.3s   ETA   0.0s
[T2_alpha4p5]  N=7  dt=50 ns  |alpha|=4.5
    phi  4/32  (12.5 %)   elapsed   0.5s   ETA   3.8s
    phi  8/32  (25.0 %)   elapsed   1.1s   ETA   3.2s
    phi 12/32  (37.5 %)   elapsed   1.6s   ETA   2.7s
    phi 16/32  (50.0 %)   elapsed   2.2s   ETA   2.2s
    phi 20/32  (62.5 %)   elapsed   2.7s   ETA   1.6s
    phi 24/32  (75.0 %)   elapsed   3.3s   ETA   1.1s
    phi 28/32  (87.5 %)   elapsed   3.8s   ETA   0.5s
    phi 32/32  (100.0 %)   elapsed   4.4s   ETA   0.0s

Saved: wp-strobo-2p0/numerics/hasse_fig6_slice.npz  (139 KB)
Total wall time: 17.3 s
